<?xml version="1.0" encoding="UTF-8"?>
<testng-results skipped="0" failed="0" ignored="0" total="1" passed="1">
  <reporter-output>
  </reporter-output>
  <suite name="Sample test Suite" duration-ms="251" started-at="2019-07-16T14:49:49Z" finished-at="2019-07-16T14:49:49Z">
    <groups>
      <group name="cucumber">
        <method signature="AbstractTestNGCucumberTests.runScenario(io.cucumber.testng.PickleEventWrapper, io.cucumber.testng.CucumberFeatureWrapper)[pri:0, instance:runner.Runner@294425a7]" name="runScenario" class="io.cucumber.testng.AbstractTestNGCucumberTests"/>
      </group> <!-- cucumber -->
    </groups>
    <test name="Sample test case" duration-ms="251" started-at="2019-07-16T14:49:49Z" finished-at="2019-07-16T14:49:49Z">
      <class name="runner.Runner">
        <test-method status="PASS" signature="setUpClass()[pri:0, instance:runner.Runner@294425a7]" name="setUpClass" is-config="true" duration-ms="49" started-at="2019-07-16T14:49:49Z" finished-at="2019-07-16T14:49:49Z">
          <reporter-output>
          </reporter-output>
        </test-method> <!-- setUpClass -->
        <test-method status="PASS" signature="runScenario(io.cucumber.testng.PickleEventWrapper, io.cucumber.testng.CucumberFeatureWrapper)[pri:0, instance:runner.Runner@294425a7]" name="runScenario" duration-ms="117" started-at="2019-07-16T14:49:49Z" description="Runs Cucumber Scenarios" data-provider="scenarios" finished-at="2019-07-16T14:49:49Z">
          <params>
            <param index="0">
              <value>
                <![CDATA["Title of your scenario"]]>
              </value>
            </param>
            <param index="1">
              <value>
                <![CDATA["Title of your feature"]]>
              </value>
            </param>
          </params>
          <reporter-output>
          </reporter-output>
        </test-method> <!-- runScenario -->
        <test-method status="PASS" signature="tearDownClass()[pri:0, instance:runner.Runner@294425a7]" name="tearDownClass" is-config="true" duration-ms="0" started-at="2019-07-16T14:49:49Z" finished-at="2019-07-16T14:49:49Z">
          <reporter-output>
          </reporter-output>
        </test-method> <!-- tearDownClass -->
      </class> <!-- runner.Runner -->
    </test> <!-- Sample test case -->
  </suite> <!-- Sample test Suite -->
</testng-results>
